2026-01-05 09:32:57 - __main__ - DEBUG - This is a debug message (only in file)
2026-01-05 09:32:57 - __main__ - INFO - Fetching public health data...
2026-01-05 09:32:57 - __main__ - WARNING - Daily cases increased by 10%
2026-01-05 09:32:57 - __main__ - ERROR - API request failed
2026-01-05 09:46:32 - __main__ - INFO - Public Health Monitor starting up
2026-01-05 09:46:32 - __main__ - INFO - Monitoring countries: USA, UK, Canada, Germany, Japan
2026-01-05 09:46:32 - __main__ - INFO - Will fetch data every 10 minutes
2026-01-05 09:46:32 - __main__ - INFO - ============================================================
2026-01-05 09:46:32 - __main__ - INFO - Starting public health data collection
2026-01-05 09:46:32 - __main__ - INFO - Fetching global statistics...
2026-01-05 09:46:33 - __main__ - INFO - Global: 704,753,890 cases, 0 today
2026-01-05 09:46:33 - __main__ - INFO - Fetching data for 5 countries...
2026-01-05 09:46:38 - __main__ - INFO - USA: 0 cases today
2026-01-05 09:46:38 - __main__ - INFO - UK: 0 cases today
2026-01-05 09:46:38 - __main__ - INFO - Canada: 0 cases today
2026-01-05 09:46:38 - __main__ - INFO - Germany: 0 cases today
2026-01-05 09:46:38 - __main__ - INFO - Japan: 0 cases today
2026-01-05 09:46:38 - __main__ - INFO - Successfully stored data for 5/5 countries
2026-01-05 09:46:38 - __main__ - INFO - Data collection cycle complete
2026-01-05 09:46:38 - __main__ - INFO - Scheduler started. Press Ctrl+C to stop.
2026-01-05 09:47:14 - __main__ - INFO - Scheduler stopped by user
2026-01-05 09:50:56 - __main__ - INFO - Public Health Monitor starting up
2026-01-05 09:50:56 - __main__ - INFO - Monitoring countries: USA, UK, Canada, Germany, Japan
2026-01-05 09:50:56 - __main__ - INFO - Will fetch data every 10 minutes
2026-01-05 09:50:56 - __main__ - INFO - ============================================================
2026-01-05 09:50:56 - __main__ - INFO - Starting public health data collection
2026-01-05 09:50:56 - __main__ - INFO - Fetching global statistics...
2026-01-05 09:50:57 - __main__ - INFO - Global: 704,753,890 cases, 0 today
2026-01-05 09:50:57 - __main__ - INFO - Fetching data for 5 countries...
2026-01-05 09:51:01 - __main__ - INFO - USA: 0 cases today
2026-01-05 09:51:01 - __main__ - INFO - UK: 0 cases today
2026-01-05 09:51:01 - __main__ - INFO - Canada: 0 cases today
2026-01-05 09:51:01 - __main__ - INFO - Germany: 0 cases today
2026-01-05 09:51:01 - __main__ - INFO - Japan: 0 cases today
2026-01-05 09:51:01 - __main__ - INFO - Successfully stored data for 5/5 countries
2026-01-05 09:51:01 - __main__ - INFO - Data collection cycle complete
2026-01-05 09:51:01 - __main__ - INFO - Scheduler started. Press Ctrl+C to stop.
2026-01-05 09:51:04 - __main__ - INFO - Scheduler stopped by user
2026-01-05 09:56:14 - __main__ - INFO - Public Health Monitor starting up
2026-01-05 09:56:14 - __main__ - INFO - Monitoring countries: USA, UK, Canada, Germany, Japan
2026-01-05 09:56:14 - __main__ - INFO - Will fetch data every 10 minutes
2026-01-05 09:56:14 - __main__ - INFO - ============================================================
2026-01-05 09:56:14 - __main__ - INFO - Starting public health data collection
2026-01-05 09:56:14 - __main__ - INFO - Fetching global statistics...
2026-01-05 09:56:15 - __main__ - INFO - Global: 704,753,890 cases, 0 today
2026-01-05 09:56:15 - __main__ - INFO - Fetching data for 5 countries...
2026-01-05 09:56:21 - __main__ - INFO - USA: 0 cases today
2026-01-05 09:56:21 - __main__ - INFO - UK: 0 cases today
2026-01-05 09:56:21 - __main__ - INFO - Canada: 0 cases today
2026-01-05 09:56:21 - __main__ - INFO - Germany: 0 cases today
2026-01-05 09:56:21 - __main__ - INFO - Japan: 0 cases today
2026-01-05 09:56:21 - __main__ - INFO - Successfully stored data for 5/5 countries
2026-01-05 09:56:21 - __main__ - INFO - Data collection cycle complete
2026-01-05 09:56:21 - __main__ - INFO - Scheduler started. Press Ctrl+C to stop.
2026-01-05 09:56:41 - __main__ - INFO - Scheduler stopped by user
2026-01-05 10:03:01 - __main__ - INFO - Public Health Monitor starting up
2026-01-05 10:03:01 - __main__ - INFO - Monitoring countries: USA, UK, Canada, Germany, Japan
2026-01-05 10:03:01 - __main__ - INFO - Will fetch data every 10 minutes
2026-01-05 10:03:01 - __main__ - INFO - ============================================================
2026-01-05 10:03:01 - __main__ - INFO - Starting public health data collection
2026-01-05 10:03:01 - __main__ - INFO - Fetching global statistics...
2026-01-05 10:03:02 - __main__ - INFO - Global: 704,753,890 cases, 0 today
2026-01-05 10:03:02 - __main__ - INFO - Fetching data for 5 countries...
2026-01-05 10:03:11 - __main__ - INFO - USA: 0 cases today
2026-01-05 10:03:11 - __main__ - INFO - UK: 0 cases today
2026-01-05 10:03:11 - __main__ - INFO - Canada: 0 cases today
2026-01-05 10:03:11 - __main__ - INFO - Germany: 0 cases today
2026-01-05 10:03:11 - __main__ - INFO - Japan: 0 cases today
2026-01-05 10:03:11 - __main__ - INFO - Successfully stored data for 5/5 countries
2026-01-05 10:03:11 - __main__ - INFO - Data collection cycle complete
2026-01-05 10:03:11 - __main__ - INFO - Scheduler started. Press Ctrl+C to stop.
2026-01-05 10:03:21 - __main__ - INFO - Scheduler stopped by user
2026-01-05 10:03:39 - __main__ - INFO - Public Health Monitor starting up
2026-01-05 10:03:39 - __main__ - INFO - Monitoring countries: USA, UK, Canada, Germany, Japan
2026-01-05 10:03:39 - __main__ - INFO - Will fetch data every 10 minutes
2026-01-05 10:03:39 - __main__ - INFO - ============================================================
2026-01-05 10:03:39 - __main__ - INFO - Starting public health data collection
2026-01-05 10:03:39 - __main__ - INFO - Fetching global statistics...
2026-01-05 10:03:40 - __main__ - INFO - Global: 704,753,890 cases, 0 today
2026-01-05 10:03:40 - __main__ - INFO - Fetching data for 5 countries...
2026-01-05 10:03:44 - __main__ - INFO - USA: 0 cases today
2026-01-05 10:03:44 - __main__ - INFO - UK: 0 cases today
2026-01-05 10:03:44 - __main__ - INFO - Canada: 0 cases today
2026-01-05 10:03:44 - __main__ - INFO - Germany: 0 cases today
2026-01-05 10:03:44 - __main__ - INFO - Japan: 0 cases today
2026-01-05 10:03:44 - __main__ - INFO - Successfully stored data for 5/5 countries
2026-01-05 10:03:44 - __main__ - INFO - Data collection cycle complete
2026-01-05 10:03:44 - __main__ - INFO - Scheduler started. Press Ctrl+C to stop.
2026-01-05 10:03:47 - __main__ - INFO - Scheduler stopped by user
2026-01-05 10:10:28 - __main__ - INFO - Public Health Monitor starting up
2026-01-05 10:10:28 - __main__ - INFO - Monitoring countries: USA, UK, Canada, Germany, Japan
2026-01-05 10:10:28 - __main__ - INFO - Will fetch data every 10 minutes
2026-01-05 10:10:28 - __main__ - INFO - ============================================================
2026-01-05 10:10:28 - __main__ - INFO - Starting public health data collection
2026-01-05 10:10:28 - __main__ - INFO - Fetching global statistics...
2026-01-05 10:10:29 - __main__ - INFO - Global: 704,753,890 cases, 0 today
2026-01-05 10:10:29 - __main__ - INFO - Fetching data for 5 countries...
2026-01-05 10:10:34 - __main__ - INFO - USA: 0 cases today
2026-01-05 10:10:34 - __main__ - INFO - UK: 0 cases today
2026-01-05 10:10:34 - __main__ - INFO - Canada: 0 cases today
2026-01-05 10:10:34 - __main__ - INFO - Germany: 0 cases today
2026-01-05 10:10:34 - __main__ - INFO - Japan: 0 cases today
2026-01-05 10:10:34 - __main__ - INFO - Successfully stored data for 5/5 countries
2026-01-05 10:10:34 - __main__ - INFO - Data collection cycle complete
2026-01-05 10:10:34 - __main__ - INFO - Scheduler started. Press Ctrl+C to stop.
2026-01-05 10:10:38 - __main__ - INFO - Scheduler stopped by user
2026-01-05 10:20:25 - __main__ - INFO - Public Health Monitor starting up
2026-01-05 10:20:25 - __main__ - INFO - Monitoring countries: USA, UK, Canada, Germany, Japan
2026-01-05 10:20:25 - __main__ - INFO - Will fetch data every 10 minutes
2026-01-05 10:20:25 - __main__ - INFO - ============================================================
2026-01-05 10:20:25 - __main__ - INFO - Starting public health data collection
2026-01-05 10:20:25 - __main__ - INFO - Fetching global statistics...
2026-01-05 10:20:25 - __main__ - INFO - Global: 704,753,890 cases, 0 today
2026-01-05 10:20:25 - __main__ - INFO - Fetching data for 5 countries...
2026-01-05 10:20:32 - __main__ - INFO - USA: 0 cases today
2026-01-05 10:20:32 - __main__ - INFO - UK: 0 cases today
2026-01-05 10:20:32 - __main__ - INFO - Canada: 0 cases today
2026-01-05 10:20:32 - __main__ - INFO - Germany: 0 cases today
2026-01-05 10:20:32 - __main__ - INFO - Japan: 0 cases today
2026-01-05 10:20:32 - __main__ - INFO - Successfully stored data for 5/5 countries
2026-01-05 10:20:32 - __main__ - INFO - Data collection cycle complete
2026-01-05 10:20:32 - __main__ - INFO - Scheduler started. Press Ctrl+C to stop.
2026-01-05 10:30:32 - __main__ - INFO - ============================================================
2026-01-05 10:30:32 - __main__ - INFO - Starting public health data collection
2026-01-05 10:30:32 - __main__ - INFO - Fetching global statistics...
2026-01-05 10:30:32 - __main__ - INFO - Global: 704,753,890 cases, 0 today
2026-01-05 10:30:32 - __main__ - INFO - Fetching data for 5 countries...
2026-01-05 10:30:37 - __main__ - INFO - USA: 0 cases today
2026-01-05 10:30:37 - __main__ - INFO - UK: 0 cases today
2026-01-05 10:30:37 - __main__ - INFO - Canada: 0 cases today
2026-01-05 10:30:37 - __main__ - INFO - Germany: 0 cases today
2026-01-05 10:30:37 - __main__ - INFO - Japan: 0 cases today
2026-01-05 10:30:37 - __main__ - INFO - Successfully stored data for 5/5 countries
2026-01-05 10:30:37 - __main__ - INFO - Data collection cycle complete
2026-01-05 10:40:32 - __main__ - INFO - ============================================================
2026-01-05 10:40:32 - __main__ - INFO - Starting public health data collection
2026-01-05 10:40:32 - __main__ - INFO - Fetching global statistics...
2026-01-05 10:40:33 - __main__ - INFO - Global: 704,753,890 cases, 0 today
2026-01-05 10:40:33 - __main__ - INFO - Fetching data for 5 countries...
2026-01-05 10:40:38 - __main__ - INFO - USA: 0 cases today
2026-01-05 10:40:38 - __main__ - INFO - UK: 0 cases today
2026-01-05 10:40:38 - __main__ - INFO - Canada: 0 cases today
2026-01-05 10:40:38 - __main__ - INFO - Germany: 0 cases today
2026-01-05 10:40:38 - __main__ - INFO - Japan: 0 cases today
2026-01-05 10:40:38 - __main__ - INFO - Successfully stored data for 5/5 countries
2026-01-05 10:40:38 - __main__ - INFO - Data collection cycle complete
2026-01-05 10:50:32 - __main__ - INFO - ============================================================
2026-01-05 10:50:32 - __main__ - INFO - Starting public health data collection
2026-01-05 10:50:32 - __main__ - INFO - Fetching global statistics...
2026-01-05 10:50:33 - __main__ - INFO - Global: 704,753,890 cases, 0 today
2026-01-05 10:50:33 - __main__ - INFO - Fetching data for 5 countries...
2026-01-05 10:50:37 - __main__ - INFO - USA: 0 cases today
2026-01-05 10:50:37 - __main__ - INFO - UK: 0 cases today
2026-01-05 10:50:37 - __main__ - INFO - Canada: 0 cases today
2026-01-05 10:50:37 - __main__ - INFO - Germany: 0 cases today
2026-01-05 10:50:37 - __main__ - INFO - Japan: 0 cases today
2026-01-05 10:50:37 - __main__ - INFO - Successfully stored data for 5/5 countries
2026-01-05 10:50:37 - __main__ - INFO - Data collection cycle complete
2026-01-05 10:50:44 - __main__ - INFO - Scheduler stopped by user
